<?xml version="1.0" encoding="UTF-8"?>
<robot generator="Robot 4.1.1 (Python 3.9.4 on win32)" generated="20211004 09:14:18.343" rpa="false" schemaversion="2">
<suite id="s1" name="Webpage Tc" source="D:\ROBOT_FRAMEWORK_SEP27\WEB_AUTOMATION\TASK_2\launching_LOGGING IN\webpage_tc.robot">
<test id="s1-t1" name="LoginTestcase">
<kw name="Open Browser" library="SeleniumLibrary">
<arg>https://demo.nopcommerce.com/</arg>
<arg>chrome</arg>
<doc>Opens a new browser instance to the optional ``url``.</doc>
<msg timestamp="20211004 09:14:18.705" level="INFO">Opening browser 'chrome' to base url 'https://demo.nopcommerce.com/'.</msg>
<status status="PASS" starttime="20211004 09:14:18.704" endtime="20211004 09:14:22.254"/>
</kw>
<kw name="Click Link" library="SeleniumLibrary">
<arg>xpath:/html/body/div[6]/div[1]/div[1]/div[2]/div[1]/ul/li[2]/a</arg>
<doc>Clicks a link identified by ``locator``.</doc>
<msg timestamp="20211004 09:14:22.256" level="INFO">Clicking link 'xpath:/html/body/div[6]/div[1]/div[1]/div[2]/div[1]/ul/li[2]/a'.</msg>
<status status="PASS" starttime="20211004 09:14:22.255" endtime="20211004 09:14:23.658"/>
</kw>
<kw name="Input Text" library="SeleniumLibrary">
<arg>id:Email</arg>
<arg>simplyjai08@gmail.com</arg>
<doc>Types the given ``text`` into the text field identified by ``locator``.</doc>
<msg timestamp="20211004 09:14:23.659" level="INFO">Typing text 'simplyjai08@gmail.com' into text field 'id:Email'.</msg>
<status status="PASS" starttime="20211004 09:14:23.658" endtime="20211004 09:14:23.765"/>
</kw>
<kw name="Input Text" library="SeleniumLibrary">
<arg>id:Password</arg>
<arg>123456</arg>
<doc>Types the given ``text`` into the text field identified by ``locator``.</doc>
<msg timestamp="20211004 09:14:23.766" level="INFO">Typing text '123456' into text field 'id:Password'.</msg>
<status status="PASS" starttime="20211004 09:14:23.765" endtime="20211004 09:14:23.853"/>
</kw>
<kw name="Click Element" library="SeleniumLibrary">
<arg>xpath:/html/body/div[6]/div[3]/div/div/div/div[2]/div[1]/div[2]/form/div[3]/button</arg>
<doc>Click the element identified by ``locator``.</doc>
<msg timestamp="20211004 09:14:23.855" level="INFO">Clicking element 'xpath:/html/body/div[6]/div[3]/div/div/div/div[2]/div[1]/div[2]/form/div[3]/button'.</msg>
<status status="PASS" starttime="20211004 09:14:23.854" endtime="20211004 09:14:26.431"/>
</kw>
<kw name="Set Browser Implicit Wait" library="SeleniumLibrary">
<arg>10</arg>
<doc>Sets the implicit wait value used by Selenium.</doc>
<status status="PASS" starttime="20211004 09:14:26.432" endtime="20211004 09:14:26.435"/>
</kw>
<status status="PASS" starttime="20211004 09:14:18.703" endtime="20211004 09:14:26.439"/>
</test>
<status status="PASS" starttime="20211004 09:14:18.347" endtime="20211004 09:14:26.442"/>
</suite>
<statistics>
<total>
<stat pass="1" fail="0" skip="0">All Tests</stat>
</total>
<tag>
</tag>
<suite>
<stat pass="1" fail="0" skip="0" id="s1" name="Webpage Tc">Webpage Tc</stat>
</suite>
</statistics>
<errors>
</errors>
</robot>
