<?xml version="1.0" encoding="UTF-8"?>
<robot generator="Robot 4.1.1 (Python 3.9.4 on win32)" generated="20211003 21:25:46.036" rpa="false" schemaversion="2">
<suite id="s1" name="Tc1" source="D:\ROBOT_FRAMEWORK_SEP27\WEB_AUTOMATION\robot1_basic\TESTCASES\tc1.robot">
<test id="s1-t1" name="TestCase1">
<kw name="Log To Console" library="BuiltIn">
<arg>hello world+hi</arg>
<doc>Logs the given message to the console.</doc>
<status status="PASS" starttime="20211003 21:25:46.113" endtime="20211003 21:25:46.113"/>
</kw>
<status status="PASS" starttime="20211003 21:25:46.113" endtime="20211003 21:25:46.113"/>
</test>
<status status="PASS" starttime="20211003 21:25:46.052" endtime="20211003 21:25:46.113"/>
</suite>
<statistics>
<total>
<stat pass="1" fail="0" skip="0">All Tests</stat>
</total>
<tag>
</tag>
<suite>
<stat pass="1" fail="0" skip="0" id="s1" name="Tc1">Tc1</stat>
</suite>
</statistics>
<errors>
</errors>
</robot>
