<?xml version="1.0" encoding="UTF-8"?>
<robot generator="Robot 4.1.1 (Python 3.9.4 on win32)" generated="20211003 21:26:32.365" rpa="false" schemaversion="2">
<suite id="s1" name="Testsuite" source="D:\ROBOT_FRAMEWORK_SEP27\WEB_AUTOMATION\basics\testcases_basics\testsuite.robot">
<test id="s1-t1" name="Calling function from python">
<kw name="custom keyword" library="func">
<var>${value}</var>
<arg>${1}</arg>
<msg timestamp="20211003 21:26:32.453" level="INFO">${value} = 2</msg>
<status status="PASS" starttime="20211003 21:26:32.453" endtime="20211003 21:26:32.453"/>
</kw>
<kw name="Should Be Equal" library="BuiltIn">
<arg>${value}</arg>
<arg>${2}</arg>
<doc>Fails if the given objects are unequal.</doc>
<status status="PASS" starttime="20211003 21:26:32.453" endtime="20211003 21:26:32.453"/>
</kw>
<status status="PASS" starttime="20211003 21:26:32.453" endtime="20211003 21:26:32.453"/>
</test>
<status status="PASS" starttime="20211003 21:26:32.373" endtime="20211003 21:26:32.453"/>
</suite>
<statistics>
<total>
<stat pass="1" fail="0" skip="0">All Tests</stat>
</total>
<tag>
</tag>
<suite>
<stat pass="1" fail="0" skip="0" id="s1" name="Testsuite">Testsuite</stat>
</suite>
</statistics>
<errors>
</errors>
</robot>
